d:\_userdocuments\desktop\workpath\_111_2\物件導向程式設計實習(重修)\projects\groupx_p1\src\minesweeper\minesweeper\minesweeper\x64\debug\vc143.pdb
d:\_userdocuments\desktop\workpath\_111_2\物件導向程式設計實習(重修)\projects\groupx_p1\src\minesweeper\minesweeper\minesweeper\x64\debug\vc143.idb
d:\_userdocuments\desktop\workpath\_111_2\物件導向程式設計實習(重修)\projects\groupx_p1\src\minesweeper\minesweeper\minesweeper\x64\debug\tile.obj
d:\_userdocuments\desktop\workpath\_111_2\物件導向程式設計實習(重修)\projects\groupx_p1\src\minesweeper\minesweeper\minesweeper\x64\debug\soundeffect.obj
d:\_userdocuments\desktop\workpath\_111_2\物件導向程式設計實習(重修)\projects\groupx_p1\src\minesweeper\minesweeper\minesweeper\x64\debug\minesweeper.obj
d:\_userdocuments\desktop\workpath\_111_2\物件導向程式設計實習(重修)\projects\groupx_p1\src\minesweeper\minesweeper\minesweeper\x64\debug\gamegui.obj
d:\_userdocuments\desktop\workpath\_111_2\物件導向程式設計實習(重修)\projects\groupx_p1\src\minesweeper\minesweeper\minesweeper\x64\debug\gamecontroller.obj
d:\_userdocuments\desktop\workpath\_111_2\物件導向程式設計實習(重修)\projects\groupx_p1\src\minesweeper\minesweeper\minesweeper\x64\debug\gamecli.obj
d:\_userdocuments\desktop\workpath\_111_2\物件導向程式設計實習(重修)\projects\groupx_p1\src\minesweeper\minesweeper\minesweeper\x64\debug\gameboard.obj
d:\_userdocuments\desktop\workpath\_111_2\物件導向程式設計實習(重修)\projects\groupx_p1\src\minesweeper\minesweeper\minesweeper\x64\debug\command.obj
d:\coding\c++\oop-project1\minesweeper\x64\debug\vc142.pdb
d:\coding\c++\oop-project1\minesweeper\x64\debug\vc142.idb
d:\coding\c++\oop-project1\minesweeper\x64\debug\tile.obj
d:\coding\c++\oop-project1\minesweeper\x64\debug\soundeffect.obj
d:\coding\c++\oop-project1\minesweeper\x64\debug\minesweeper.obj
d:\coding\c++\oop-project1\minesweeper\x64\debug\gamegui.obj
d:\coding\c++\oop-project1\minesweeper\x64\debug\gamecontroller.obj
d:\coding\c++\oop-project1\minesweeper\x64\debug\gamecli.obj
d:\coding\c++\oop-project1\minesweeper\x64\debug\gameboard.obj
d:\coding\c++\oop-project1\minesweeper\x64\debug\command.obj
d:\_userdocuments\desktop\workpath\_111_2\物件導向程式設計實習(重修)\projects\groupx_p1\src\minesweeper\minesweeper\minesweeper\x64\debug\minesweeper.ilk
d:\_userdocuments\desktop\workpath\_111_2\物件導向程式設計實習(重修)\projects\groupx_p1\src\minesweeper\minesweeper\x64\debug\minesweeper.exe
d:\_userdocuments\desktop\workpath\_111_2\物件導向程式設計實習(重修)\projects\groupx_p1\src\minesweeper\minesweeper\x64\debug\minesweeper.pdb
d:\coding\c++\oop-project1\minesweeper\x64\debug\vc143.idb
d:\coding\c++\oop-project1\minesweeper\x64\debug\vc143.pdb
d:\coding\c++\oop-project1\x64\debug\minesweeper.pdb
d:\coding\c++\oop-project1\minesweeper\x64\debug\minesweeper.tlog\cl.command.1.tlog
d:\coding\c++\oop-project1\minesweeper\x64\debug\minesweeper.tlog\cl.read.1.tlog
d:\coding\c++\oop-project1\minesweeper\x64\debug\minesweeper.tlog\cl.write.1.tlog
d:\coding\c++\oop-project1\minesweeper\x64\debug\minesweeper.tlog\link.command.1.tlog
d:\coding\c++\oop-project1\minesweeper\x64\debug\minesweeper.tlog\link.read.1.tlog
d:\coding\c++\oop-project1\minesweeper\x64\debug\minesweeper.tlog\link.write.1.tlog
